% python mnist_interval_analysis.py
Model loaded from saved_model_checkpoints/saved_models/mnist_model.pt
Accuracy on images: 92.65
# Testing robustness accuracy from my bound_factory!!!
Eps: 0.01
Total: 10000
Accuracy on images: 9265 (92.65%)
Bounds type: base_interval_bounds	 robustness: 7751 (77.51%)	 mean_bound_width: 3.575999373842956
Bounds type: poly_interval_bounds	 robustness: 7751 (77.51%)	 mean_bound_width: 3.575999373842956
Bounds type: poly_backsubst_bounds	 robustness: 9098 (90.98%)	 mean_bound_width: 0.6744500668185531
--------------------------------------------------
Eps: 0.02
Total: 10000
Accuracy on images: 9265 (92.65%)
Bounds type: base_interval_bounds	 robustness: 4381 (43.81%)	 mean_bound_width: 7.13909696773359
Bounds type: poly_interval_bounds	 robustness: 4381 (43.81%)	 mean_bound_width: 7.13909696773359
Bounds type: poly_backsubst_bounds	 robustness: 8804 (88.04%)	 mean_bound_width: 1.5090829885689316
--------------------------------------------------
Eps: 0.03
Total: 10000
Accuracy on images: 9265 (92.65%)
Bounds type: base_interval_bounds	 robustness: 1473 (14.73%)	 mean_bound_width: 10.677846963238565
Bounds type: poly_interval_bounds	 robustness: 1473 (14.73%)	 mean_bound_width: 10.677846963238565
Bounds type: poly_backsubst_bounds	 robustness: 8371 (83.71%)	 mean_bound_width: 2.5006230044516786
--------------------------------------------------
Eps: 0.04
Total: 10000
Accuracy on images: 9265 (92.65%)
Bounds type: base_interval_bounds	 robustness: 405 (4.05%)	 mean_bound_width: 14.181679336888015
Bounds type: poly_interval_bounds	 robustness: 405 (4.05%)	 mean_bound_width: 14.181679336888015
Bounds type: poly_backsubst_bounds	 robustness: 7713 (77.13%)	 mean_bound_width: 3.6441787306670173
--------------------------------------------------
Eps: 0.05
Total: 10000
Accuracy on images: 9265 (92.65%)
Bounds type: base_interval_bounds	 robustness: 98 (0.98%)	 mean_bound_width: 17.641763711431224
Bounds type: poly_interval_bounds	 robustness: 98 (0.98%)	 mean_bound_width: 17.641763711431224
Bounds type: poly_backsubst_bounds	 robustness: 6672 (66.72%)	 mean_bound_width: 4.930250623423582
--------------------------------------------------
Eps: 0.06
Total: 10000
Accuracy on images: 9265 (92.65%)
Bounds type: base_interval_bounds	 robustness: 11 (0.11%)	 mean_bound_width: 21.049912507366983
Bounds type: poly_interval_bounds	 robustness: 11 (0.11%)	 mean_bound_width: 21.049912507366983
Bounds type: poly_backsubst_bounds	 robustness: 5146 (51.46%)	 mean_bound_width: 6.346778198412269
--------------------------------------------------
Eps: 0.07
Total: 10000
Accuracy on images: 9265 (92.65%)
Bounds type: base_interval_bounds	 robustness: 1 (0.01%)	 mean_bound_width: 24.400322458546633
Bounds type: poly_interval_bounds	 robustness: 1 (0.01%)	 mean_bound_width: 24.400322458546633
Bounds type: poly_backsubst_bounds	 robustness: 3552 (35.52%)	 mean_bound_width: 7.879873998605522
--------------------------------------------------
Eps: 0.08
Total: 10000
Accuracy on images: 9265 (92.65%)
Bounds type: base_interval_bounds	 robustness: 0 (0.0%)	 mean_bound_width: 27.689024882711422
Bounds type: poly_interval_bounds	 robustness: 0 (0.0%)	 mean_bound_width: 27.689024882711422
Bounds type: poly_backsubst_bounds	 robustness: 2273 (22.73%)	 mean_bound_width: 9.515219360400158
--------------------------------------------------
Eps: 0.09
Total: 10000
Accuracy on images: 9265 (92.65%)
Bounds type: base_interval_bounds	 robustness: 0 (0.0%)	 mean_bound_width: 30.91331494082311
Bounds type: poly_interval_bounds	 robustness: 0 (0.0%)	 mean_bound_width: 30.91331494082311
Bounds type: poly_backsubst_bounds	 robustness: 1407 (14.07%)	 mean_bound_width: 11.24237351508657
--------------------------------------------------
Eps: 0.1
Total: 10000
Accuracy on images: 9265 (92.65%)
Bounds type: base_interval_bounds	 robustness: 0 (0.0%)	 mean_bound_width: 34.07190636312885
Bounds type: poly_interval_bounds	 robustness: 0 (0.0%)	 mean_bound_width: 34.07190636312885
Bounds type: poly_backsubst_bounds	 robustness: 821 (8.21%)	 mean_bound_width: 13.053232423818795
--------------------------------------------------
# Testing robustness accuracy from bound_propogation library!!!
Eps: 0.01
Total samples: 10000
Nominal Accuracy: 92.65%
Bounds type: ibp	 robustness: 7751 (77.51%)	 mean_bound_width: 3.575999697302557
Bounds type: crown	 robustness: 9104 (91.04%)	 mean_bound_width: 0.6522701299114592
Bounds type: crown_ibp	 robustness: 9104 (91.04%)	 mean_bound_width: 0.6522702289994355
--------------------------------------------------
Eps: 0.02
Total samples: 10000
Nominal Accuracy: 92.65%
Bounds type: ibp	 robustness: 4381 (43.81%)	 mean_bound_width: 7.139097177298965
Bounds type: crown	 robustness: 8854 (88.54%)	 mean_bound_width: 1.4153215649780955
Bounds type: crown_ibp	 robustness: 8854 (88.54%)	 mean_bound_width: 1.4153217806178293
--------------------------------------------------
Eps: 0.03
Total samples: 10000
Nominal Accuracy: 92.65%
Bounds type: ibp	 robustness: 1473 (14.73%)	 mean_bound_width: 10.677846671669347
Bounds type: crown	 robustness: 8474 (84.74%)	 mean_bound_width: 2.2820927701937923
Bounds type: crown_ibp	 robustness: 8474 (84.74%)	 mean_bound_width: 2.282093099727752
--------------------------------------------------
Eps: 0.04
Total samples: 10000
Nominal Accuracy: 92.65%
Bounds type: ibp	 robustness: 405 (4.05%)	 mean_bound_width: 14.181680557834115
Bounds type: crown	 robustness: 7944 (79.44%)	 mean_bound_width: 3.2451696578104783
Bounds type: crown_ibp	 robustness: 7944 (79.44%)	 mean_bound_width: 3.2451702196886587
--------------------------------------------------
Eps: 0.05
Total samples: 10000
Nominal Accuracy: 92.65%
Bounds type: ibp	 robustness: 98 (0.98%)	 mean_bound_width: 17.64176354134918
Bounds type: crown	 robustness: 7139 (71.39%)	 mean_bound_width: 4.295654214871157
Bounds type: crown_ibp	 robustness: 7139 (71.39%)	 mean_bound_width: 4.295654881532025
--------------------------------------------------
Eps: 0.06
Total samples: 10000
Nominal Accuracy: 92.65%
Bounds type: ibp	 robustness: 11 (0.11%)	 mean_bound_width: 21.04991200926957
Bounds type: crown	 robustness: 5946 (59.46%)	 mean_bound_width: 5.424656436701489
Bounds type: crown_ibp	 robustness: 5946 (59.46%)	 mean_bound_width: 5.424657262814272
--------------------------------------------------
Eps: 0.07
Total samples: 10000
Nominal Accuracy: 92.65%
Bounds type: ibp	 robustness: 1 (0.01%)	 mean_bound_width: 24.40032288375174
Bounds type: crown	 robustness: 4493 (44.93%)	 mean_bound_width: 6.623832526480316
Bounds type: crown_ibp	 robustness: 4493 (44.93%)	 mean_bound_width: 6.6238336320136
--------------------------------------------------
Eps: 0.08
Total samples: 10000
Nominal Accuracy: 92.65%
Bounds type: ibp	 robustness: 0 (0.0%)	 mean_bound_width: 27.689026887249796
Bounds type: crown	 robustness: 3152 (31.52%)	 mean_bound_width: 7.885385862581289
Bounds type: crown_ibp	 robustness: 3152 (31.52%)	 mean_bound_width: 7.885387411542759
--------------------------------------------------
Eps: 0.09
Total samples: 10000
Nominal Accuracy: 92.65%
Bounds type: ibp	 robustness: 0 (0.0%)	 mean_bound_width: 30.913314892228243
Bounds type: crown	 robustness: 2098 (20.98%)	 mean_bound_width: 9.202183923903544
Bounds type: crown_ibp	 robustness: 2098 (20.98%)	 mean_bound_width: 9.202185533608601
--------------------------------------------------
Eps: 0.1
Total samples: 10000
Nominal Accuracy: 92.65%
Bounds type: ibp	 robustness: 0 (0.0%)	 mean_bound_width: 34.071905828585294
Bounds type: crown	 robustness: 1370 (13.7%)	 mean_bound_width: 10.56820792908881
Bounds type: crown_ibp	 robustness: 1370 (13.7%)	 mean_bound_width: 10.56820976354514
